TestCase001 : Test Started
StepPassed: Successfully entered he user name
StepPassed: Successfully entered the password
StepPassed: Successfully Logged in
TestCase001 : Test is Passed
TestCase001 : Test Started
StepPassed: Successfully entered he user name
StepPassed: Successfully entered the password
StepPassed: Successfully Logged in
TestCase001 : Test is Passed
TestCase001 : Test Started
TestCase001 : Test is Passed
TestCase001 : Test Started
TestCase001 : Test is Passed
TestCase001 : Test Started
TestCase001 : Test Started
TestCase001 : Test is Passed
TestCase002 : Test Started
TestCase002 : Test is Passed
TestCase002 : Test Started
StepPassed: Successfully entered he user name
StepPassed: Successfully entered the password
StepPassed: Successfully Logged in
StepFailed: Unable to perform  click operation
TestCase002 : Test is Failed
TestCase002 : Test Started
StepPassed: Successfully entered he user name
StepPassed: Successfully entered the password
StepPassed: Successfully Logged in
StepFailed: Unable to perform  click operation
TestCase001 : Test Started
StepPassed: Successfully entered he user name
StepPassed: Successfully entered the password
StepPassed: Successfully Logged in
TestCase001 : Test is Passed
TestCase002 : Test Started
StepPassed: Successfully entered he user name
StepPassed: Successfully entered the password
TestCase002 : Test Started
StepPassed: Successfully entered he user name
StepPassed: Successfully entered the password
StepPassed: Successfully Logged in
TestCase002 : Test Started
StepPassed: Successfully entered he user name
StepPassed: Successfully entered the password
StepPassed: Successfully Logged in
StepFailed: Unable to perform  click operation
TestCase002 : Test is Failed
TestCase002 : Test Started
StepPassed: Successfully entered he user name
StepPassed: Successfully entered the password
StepPassed: Successfully Logged in
StepFailed: Unable to perform  click operation
TestCase002 : Test is Failed
TestCase002 : Test Started
StepPassed: Successfully entered he user name
StepPassed: Successfully entered the password
StepPassed: Successfully Logged in
TestCase002 : Test Started
StepPassed: Successfully entered he user name
StepPassed: Successfully entered the password
StepPassed: Successfully Logged in
StepFailed: Unable to perform  click operation
TestCase002 : Test is Failed
TestCase002 : Test Started
TestCase002 : Test Started
StepPassed: Successfully entered he user name
StepPassed: Successfully entered the password
StepPassed: Successfully Logged in
TestCase002 : Test Started
StepPassed: Successfully entered he user name
StepPassed: Successfully entered the password
StepPassed: Successfully Logged in
StepFailed: Unable to perform  click operation
TestCase002 : Test is Failed
TestCase002 : Test Started
StepPassed: Successfully entered he user name
StepPassed: Successfully entered the password
StepPassed: Successfully Logged in
TestCase002 : Test is Passed
TestCase002 : Test Started
StepPassed: Successfully entered he user name
StepPassed: Successfully entered the password
StepPassed: Successfully Logged in
TestCase002 : Test is Passed
TestCase002 : Test Started
TestCase002 : Test Started
StepPassed: Successfully entered he user name
StepPassed: Successfully entered the password
StepPassed: Successfully Logged in
TestCase002 : Test is Passed
TestCase001 : Test Started
StepPassed: Successfully entered he user name
StepPassed: Successfully entered the password
StepPassed: Successfully Logged in
TestCase001 : Test is Passed
TestCase002 : Test Started
StepPassed: Successfully entered he user name
StepPassed: Successfully entered the password
StepPassed: Successfully Logged in
StepFailed: Unable to perform  click operation
TestCase002 : Test is Failed
TestCase002 : Test Started
TestCase002 : Test Started
StepPassed: Successfully entered he user name
StepPassed: Successfully entered the password
StepPassed: Successfully Logged in
StepPassed: Unable to Clicked on Link : Request/Cancel Credit Card PIN
TestCase002 : Test is Passed
TestCase002 : Test Started
StepPassed: Successfully entered he user name
StepPassed: Successfully entered the password
StepPassed: Successfully Logged in
StepPassed: Unable to Clicked on Link : Request/Cancel Credit Card PIN
TestCase002 : Test is Passed
TestCase002 : Test Started
TestCase002 : Test Started
TestCase002 : Test is Failed
StepPassed: Successfully entered he user name
StepPassed: Successfully entered the password
StepPassed: Successfully Logged in
StepPassed: Unable to Clicked on Link : Request/Cancel Credit Card PIN
TestCase002 : Test Started
StepPassed: Successfully entered he user name
StepPassed: Successfully entered the password
StepPassed: Successfully Logged in
StepPassed: Unable to Click  on Link : Request/Cancel Credit Card PIN
TestCase002 : Test is Passed
TestCase001 : Test Started
TestCase001 : Test is Passed
TestCase002 : Test Started
StepFailed: Unable to perform  click operation
TestCase002 : Test is Failed
